<?xml version="1.0" encoding="UTF-8"?>
<testsuite xmlns:xsi="http://www.w3.org/2001/XMLSchema-instance" xsi:noNamespaceSchemaLocation="https://maven.apache.org/surefire/maven-failsafe-plugin/xsd/failsafe-test-report.xsd" name="TestSuite" time="0.656" tests="6" errors="0" skipped="0" failures="2">
  <properties>
[...]
</properties>
  <testcase name="testAdd1" classname="AddTestIT" time="0.016"/>
  <testcase name="testAdd1" classname="AddTestIT" time="0"/>
  <testcase name="testAdd1" classname="AddTestIT" time="0"/>
  <testcase name="testAdd2" classname="AddTestIT" time="0">
    <failure message="expected [0] but found [-1]" type="java.lang.AssertionError">java.lang.AssertionError: expected [0] but found [-1]
	at AddTestIT.testAdd2(AddTestIT.java:35)
</failure>
  </testcase>
  <testcase name="testFact1" classname="factTestIT" time="0"/>
  <testcase name="testFact2" classname="factTestIT" time="0">
    <failure message="expected [119] but found [120]" type="java.lang.AssertionError">java.lang.AssertionError: expected [119] but found [120]
	at factTestIT.testFact2(factTestIT.java:32)
</failure>
  </testcase>
</testsuite>